<?xml version="1.0" encoding="UTF-8"?>
<testng-results skipped="0" failed="0" total="1" passed="1">
  <reporter-output>
  </reporter-output>
  <suite name="Command line suite" duration-ms="32" started-at="2019-09-16T19:17:08Z" finished-at="2019-09-16T19:17:08Z">
    <groups>
    </groups>
    <test name="Command line test" duration-ms="32" started-at="2019-09-16T19:17:08Z" finished-at="2019-09-16T19:17:08Z">
      <class name="mvn.first.AppTest">
        <test-method status="PASS" signature="testApp()[pri:0, instance:testApp(mvn.first.AppTest)]" name="testApp" duration-ms="0" started-at="2019-09-16T20:17:08Z" finished-at="2019-09-16T20:17:08Z">
          <reporter-output>
          </reporter-output>
        </test-method> <!-- testApp -->
      </class> <!-- mvn.first.AppTest -->
    </test> <!-- Command line test -->
  </suite> <!-- Command line suite -->
</testng-results>
