<?xml version="1.0" encoding="UTF-8"?>
<testng-results skipped="0" failed="0" total="1" passed="1">
  <reporter-output>
  </reporter-output>
  <suite name="Command line suite" duration-ms="9194" started-at="2019-09-16T19:57:54Z" finished-at="2019-09-16T19:58:03Z">
    <groups>
    </groups>
    <test name="Command line test" duration-ms="9194" started-at="2019-09-16T19:57:54Z" finished-at="2019-09-16T19:58:03Z">
      <class name="mvn.first.callurlTest">
        <test-method status="PASS" signature="geturl()[pri:0, instance:mvn.first.callurlTest@4dbb42b7]" name="geturl" duration-ms="9178" started-at="2019-09-16T20:57:54Z" finished-at="2019-09-16T20:58:03Z">
          <reporter-output>
          </reporter-output>
        </test-method> <!-- geturl -->
      </class> <!-- mvn.first.callurlTest -->
    </test> <!-- Command line test -->
  </suite> <!-- Command line suite -->
</testng-results>
